0 verbose cli /usr/local/bin/node /usr/local/bin/npm
1 info using npm@8.11.0
2 info using node@v17.9.0
3 timing npm:load:whichnode Completed in 1ms
4 timing config:load:defaults Completed in 27ms
5 timing config:load:file:/usr/local/lib/node_modules/npm/npmrc Completed in 6ms
6 timing config:load:builtin Completed in 8ms
7 timing config:load:cli Completed in 11ms
8 timing config:load:env Completed in 2ms
9 timing config:load:project Completed in 33ms
10 timing config:load:file:/home/container/.npmrc Completed in 1ms
11 timing config:load:user Completed in 2ms
12 timing config:load:file:/usr/local/etc/npmrc Completed in 1ms
13 timing config:load:global Completed in 1ms
14 timing config:load:validate Completed in 0ms
15 timing config:load:credentials Completed in 3ms
16 timing config:load:setEnvs Completed in 5ms
17 timing config:load Completed in 101ms
18 timing npm:load:configload Completed in 103ms
19 timing npm:load:mkdirpcache Completed in 5ms
20 timing npm:load:mkdirplogs Completed in 2ms
21 verbose title npm install
22 verbose argv "install"
23 timing npm:load:setTitle Completed in 4ms
24 timing config:load:flatten Completed in 16ms
25 timing npm:load:display Completed in 34ms
26 verbose logfile logs-max:10 dir:/home/container/.npm/_logs
27 verbose logfile /home/container/.npm/_logs/2022-06-01T19_51_52_798Z-debug-0.log
28 timing npm:load:logFile Completed in 30ms
29 timing npm:load:timers Completed in 0ms
30 timing npm:load:configScope Completed in 0ms
31 timing npm:load Completed in 185ms
32 timing arborist:ctor Completed in 3ms
33 silly logfile done cleaning log files
34 timing idealTree:init Completed in 114ms
35 timing idealTree:userRequests Completed in 1ms
36 silly idealTree buildDeps
37 timing idealTree:#root Completed in 1ms
38 timing idealTree:buildDeps Completed in 6ms
39 timing idealTree:fixDepFlags Completed in 1ms
40 timing idealTree Completed in 128ms
41 timing arborist:ctor Completed in 0ms
42 timing reify:loadTrees Completed in 193ms
43 timing reify:diffTrees Completed in 11ms
44 silly reify moves {}
45 timing reify:retireShallow Completed in 5ms
46 timing reify:createSparse Completed in 0ms
47 timing reify:loadBundles Completed in 0ms
48 silly audit bulk request {
48 silly audit   '@discordjs/uws': [ '10.149.0' ],
48 silly audit   'async-limiter': [ '1.0.1' ],
48 silly audit   'discord.js': [ '11.6.4' ],
48 silly audit   'fivereborn-query': [ '1.0.4' ],
48 silly audit   long: [ '4.0.0' ],
48 silly audit   'prism-media': [ '0.0.4' ],
48 silly audit   snekfetch: [ '3.6.4' ],
48 silly audit   tweetnacl: [ '1.0.3' ],
48 silly audit   ws: [ '6.2.2' ]
48 silly audit }
49 timing reify:unpack Completed in 9ms
50 timing reify:unretire Completed in 0ms
51 timing build:queue Completed in 0ms
52 timing build:deps Completed in 3ms
53 timing build Completed in 4ms
54 timing reify:build Completed in 5ms
55 timing reify:trash Completed in 0ms
56 timing reify:save Completed in 115ms
57 http fetch POST 200 https://registry.npmjs.org/-/npm/v1/security/advisories/bulk 694ms
58 timing auditReport:getReport Completed in 708ms
59 silly audit report {}
60 timing auditReport:init Completed in 0ms
61 timing reify:audit Completed in 713ms
62 timing reify Completed in 1018ms
63 timing command:install Completed in 1078ms
64 verbose exit 0
65 timing npm Completed in 1564ms
66 info ok
