0 verbose cli /usr/local/bin/node /usr/local/bin/npm
1 info using npm@8.12.1
2 info using node@v17.9.1
3 timing npm:load:whichnode Completed in 1ms
4 timing config:load:defaults Completed in 92ms
5 timing config:load:file:/usr/local/lib/node_modules/npm/npmrc Completed in 22ms
6 timing config:load:builtin Completed in 25ms
7 timing config:load:cli Completed in 176ms
8 timing config:load:env Completed in 2ms
9 timing config:load:project Completed in 98ms
10 timing config:load:file:/home/container/.npmrc Completed in 1ms
11 timing config:load:user Completed in 7ms
12 timing config:load:file:/usr/local/etc/npmrc Completed in 4ms
13 timing config:load:global Completed in 5ms
14 timing config:load:validate Completed in 0ms
15 timing config:load:credentials Completed in 65ms
16 timing config:load:setEnvs Completed in 5ms
17 timing config:load Completed in 491ms
18 timing npm:load:configload Completed in 493ms
19 timing npm:load:mkdirpcache Completed in 10ms
20 timing npm:load:mkdirplogs Completed in 1ms
21 verbose title npm install
22 verbose argv "install"
23 timing npm:load:setTitle Completed in 5ms
24 timing config:load:flatten Completed in 102ms
25 timing npm:load:display Completed in 178ms
26 verbose logfile logs-max:10 dir:/home/container/.npm/_logs
27 verbose logfile /home/container/.npm/_logs/2022-06-15T14_19_54_324Z-debug-0.log
28 timing npm:load:logFile Completed in 115ms
29 timing npm:load:timers Completed in 1ms
30 timing npm:load:configScope Completed in 0ms
31 timing npm:load Completed in 809ms
32 timing arborist:ctor Completed in 3ms
33 silly logfile start cleaning logs, removing 1 files
34 silly logfile done cleaning log files
35 timing idealTree:init Completed in 608ms
36 timing idealTree:userRequests Completed in 2ms
37 silly idealTree buildDeps
38 timing idealTree:#root Completed in 1ms
39 timing idealTree:buildDeps Completed in 9ms
40 timing idealTree:fixDepFlags Completed in 0ms
41 timing idealTree Completed in 682ms
42 timing arborist:ctor Completed in 1ms
43 timing reify:loadTrees Completed in 821ms
44 timing reify:diffTrees Completed in 163ms
45 silly reify moves {}
46 timing reify:retireShallow Completed in 10ms
47 timing reify:createSparse Completed in 5ms
48 timing reify:loadBundles Completed in 0ms
49 silly audit bulk request {
49 silly audit   '@discordjs/uws': [ '10.149.0' ],
49 silly audit   'async-limiter': [ '1.0.1' ],
49 silly audit   'discord.js': [ '11.6.4' ],
49 silly audit   'fivereborn-query': [ '1.0.4' ],
49 silly audit   long: [ '4.0.0' ],
49 silly audit   'prism-media': [ '0.0.4' ],
49 silly audit   snekfetch: [ '3.6.4' ],
49 silly audit   tweetnacl: [ '1.0.3' ],
49 silly audit   ws: [ '6.2.2' ]
49 silly audit }
50 timing reify:unpack Completed in 166ms
51 timing reify:unretire Completed in 0ms
52 timing build:queue Completed in 0ms
53 timing build:deps Completed in 2ms
54 timing build Completed in 3ms
55 timing reify:build Completed in 4ms
56 timing reify:trash Completed in 0ms
57 timing reify:save Completed in 295ms
58 http fetch POST 200 https://registry.npmjs.org/-/npm/v1/security/advisories/bulk 1633ms
59 timing auditReport:getReport Completed in 1708ms
60 silly audit report {}
61 timing auditReport:init Completed in 0ms
62 timing reify:audit Completed in 1711ms
63 timing reify Completed in 2836ms
64 timing command:install Completed in 2992ms
65 verbose exit 0
66 timing npm Completed in 5528ms
67 info ok
