0 verbose cli /usr/local/bin/node /usr/local/bin/npm
1 info using npm@8.11.0
2 info using node@v17.9.0
3 timing npm:load:whichnode Completed in 1ms
4 timing config:load:defaults Completed in 12ms
5 timing config:load:file:/usr/local/lib/node_modules/npm/npmrc Completed in 5ms
6 timing config:load:builtin Completed in 7ms
7 timing config:load:cli Completed in 7ms
8 timing config:load:env Completed in 2ms
9 timing config:load:project Completed in 18ms
10 timing config:load:file:/home/container/.npmrc Completed in 1ms
11 timing config:load:user Completed in 1ms
12 timing config:load:file:/usr/local/etc/npmrc Completed in 2ms
13 timing config:load:global Completed in 4ms
14 timing config:load:validate Completed in 1ms
15 timing config:load:credentials Completed in 4ms
16 timing config:load:setEnvs Completed in 4ms
17 timing config:load Completed in 62ms
18 timing npm:load:configload Completed in 63ms
19 timing npm:load:mkdirpcache Completed in 5ms
20 timing npm:load:mkdirplogs Completed in 2ms
21 verbose title npm install
22 verbose argv "install"
23 timing npm:load:setTitle Completed in 4ms
24 timing config:load:flatten Completed in 13ms
25 timing npm:load:display Completed in 22ms
26 verbose logfile logs-max:10 dir:/home/container/.npm/_logs
27 verbose logfile /home/container/.npm/_logs/2022-06-03T21_22_08_076Z-debug-0.log
28 timing npm:load:logFile Completed in 25ms
29 timing npm:load:timers Completed in 0ms
30 timing npm:load:configScope Completed in 0ms
31 timing npm:load Completed in 125ms
32 timing arborist:ctor Completed in 3ms
33 silly logfile start cleaning logs, removing 1 files
34 silly logfile done cleaning log files
35 timing idealTree:init Completed in 103ms
36 timing idealTree:userRequests Completed in 1ms
37 silly idealTree buildDeps
38 timing idealTree:#root Completed in 1ms
39 timing idealTree:buildDeps Completed in 6ms
40 timing idealTree:fixDepFlags Completed in 0ms
41 timing idealTree Completed in 116ms
42 timing arborist:ctor Completed in 1ms
43 timing reify:loadTrees Completed in 163ms
44 timing reify:diffTrees Completed in 10ms
45 silly reify moves {}
46 timing reify:retireShallow Completed in 4ms
47 timing reify:createSparse Completed in 0ms
48 timing reify:loadBundles Completed in 0ms
49 silly audit bulk request {
49 silly audit   '@discordjs/uws': [ '10.149.0' ],
49 silly audit   'async-limiter': [ '1.0.1' ],
49 silly audit   'discord.js': [ '11.6.4' ],
49 silly audit   'fivereborn-query': [ '1.0.4' ],
49 silly audit   long: [ '4.0.0' ],
49 silly audit   'prism-media': [ '0.0.4' ],
49 silly audit   snekfetch: [ '3.6.4' ],
49 silly audit   tweetnacl: [ '1.0.3' ],
49 silly audit   ws: [ '6.2.2' ]
49 silly audit }
50 timing reify:unpack Completed in 12ms
51 timing reify:unretire Completed in 0ms
52 timing build:queue Completed in 0ms
53 timing build:deps Completed in 2ms
54 timing build Completed in 2ms
55 timing reify:build Completed in 3ms
56 timing reify:trash Completed in 0ms
57 timing reify:save Completed in 37ms
58 http fetch POST 200 https://registry.npmjs.org/-/npm/v1/security/advisories/bulk 613ms
59 timing auditReport:getReport Completed in 625ms
60 silly audit report {}
61 timing auditReport:init Completed in 0ms
62 timing reify:audit Completed in 628ms
63 timing reify Completed in 854ms
64 timing command:install Completed in 895ms
65 verbose exit 0
66 timing npm Completed in 1296ms
67 info ok
