0 verbose cli /usr/local/bin/node /usr/local/bin/npm
1 info using npm@8.11.0
2 info using node@v17.9.0
3 timing npm:load:whichnode Completed in 1ms
4 timing config:load:defaults Completed in 8ms
5 timing config:load:file:/usr/local/lib/node_modules/npm/npmrc Completed in 13ms
6 timing config:load:builtin Completed in 14ms
7 timing config:load:cli Completed in 8ms
8 timing config:load:env Completed in 2ms
9 timing config:load:project Completed in 18ms
10 timing config:load:file:/home/container/.npmrc Completed in 1ms
11 timing config:load:user Completed in 1ms
12 timing config:load:file:/usr/local/etc/npmrc Completed in 1ms
13 timing config:load:global Completed in 2ms
14 timing config:load:validate Completed in 1ms
15 timing config:load:credentials Completed in 4ms
16 timing config:load:setEnvs Completed in 5ms
17 timing config:load Completed in 65ms
18 timing npm:load:configload Completed in 65ms
19 timing npm:load:mkdirpcache Completed in 5ms
20 timing npm:load:mkdirplogs Completed in 2ms
21 verbose title npm install
22 verbose argv "install"
23 timing npm:load:setTitle Completed in 6ms
24 timing config:load:flatten Completed in 21ms
25 timing npm:load:display Completed in 32ms
26 verbose logfile logs-max:10 dir:/home/container/.npm/_logs
27 verbose logfile /home/container/.npm/_logs/2022-06-02T19_04_30_146Z-debug-0.log
28 timing npm:load:logFile Completed in 36ms
29 timing npm:load:timers Completed in 0ms
30 timing npm:load:configScope Completed in 1ms
31 timing npm:load Completed in 155ms
32 timing arborist:ctor Completed in 2ms
33 silly logfile done cleaning log files
34 timing idealTree:init Completed in 136ms
35 timing idealTree:userRequests Completed in 1ms
36 silly idealTree buildDeps
37 timing idealTree:#root Completed in 1ms
38 timing idealTree:buildDeps Completed in 6ms
39 timing idealTree:fixDepFlags Completed in 0ms
40 timing idealTree Completed in 149ms
41 timing arborist:ctor Completed in 2ms
42 timing reify:loadTrees Completed in 222ms
43 timing reify:diffTrees Completed in 11ms
44 silly reify moves {}
45 timing reify:retireShallow Completed in 4ms
46 timing reify:createSparse Completed in 1ms
47 timing reify:loadBundles Completed in 0ms
48 silly audit bulk request {
48 silly audit   '@discordjs/uws': [ '10.149.0' ],
48 silly audit   'async-limiter': [ '1.0.1' ],
48 silly audit   'discord.js': [ '11.6.4' ],
48 silly audit   'fivereborn-query': [ '1.0.4' ],
48 silly audit   long: [ '4.0.0' ],
48 silly audit   'prism-media': [ '0.0.4' ],
48 silly audit   snekfetch: [ '3.6.4' ],
48 silly audit   tweetnacl: [ '1.0.3' ],
48 silly audit   ws: [ '6.2.2' ]
48 silly audit }
49 timing reify:unpack Completed in 9ms
50 timing reify:unretire Completed in 0ms
51 timing build:queue Completed in 0ms
52 timing build:deps Completed in 2ms
53 timing build Completed in 3ms
54 timing reify:build Completed in 4ms
55 timing reify:trash Completed in 0ms
56 timing reify:save Completed in 102ms
57 http fetch GET 200 https://registry.npmjs.org/npm 907ms (cache updated)
58 http fetch POST 200 https://registry.npmjs.org/-/npm/v1/security/advisories/bulk 664ms
59 timing auditReport:getReport Completed in 674ms
60 silly audit report {}
61 timing auditReport:init Completed in 0ms
62 timing reify:audit Completed in 677ms
63 timing reify Completed in 1019ms
64 timing command:install Completed in 1043ms
65 notice
65 notice New [33mminor[39m version of npm available! [31m8.11.0[39m -> [32m8.12.1[39m
65 notice Changelog: [36mhttps://github.com/npm/cli/releases/tag/v8.12.1[39m
65 notice Run [32mnpm install -g npm@8.12.1[39m to update!
65 notice
66 verbose exit 0
67 timing npm Completed in 1525ms
68 info ok
